<?xml version="1.0" encoding="UTF-8"?>
<coverage generated="1770480603868" clover="3.2.0">
  <project timestamp="1770480603869" name="All files">
    <metrics statements="233" coveredstatements="211" conditionals="123" coveredconditionals="86" methods="60" coveredmethods="57" elements="416" coveredelements="354" complexity="0" loc="233" ncloc="233" packages="5" files="10" classes="10"/>
    <package name="components.common">
      <metrics statements="7" coveredstatements="7" conditionals="9" coveredconditionals="6" methods="2" coveredmethods="2"/>
      <file name="loading-spinner.tsx" path="/Users/timothydehof/Dev/Personal/portfolios/myPortfolio/src/components/common/loading-spinner.tsx">
        <metrics statements="4" coveredstatements="4" conditionals="3" coveredconditionals="3" methods="1" coveredmethods="1"/>
        <line num="10" count="1" type="stmt"/>
        <line num="15" count="4" type="stmt"/>
        <line num="21" count="4" type="stmt"/>
        <line num="28" count="4" type="stmt"/>
      </file>
      <file name="theme-toggle.tsx" path="/Users/timothydehof/Dev/Personal/portfolios/myPortfolio/src/components/common/theme-toggle.tsx">
        <metrics statements="3" coveredstatements="3" conditionals="6" coveredconditionals="3" methods="1" coveredmethods="1"/>
        <line num="8" count="1" type="stmt"/>
        <line num="9" count="4" type="stmt"/>
        <line num="11" count="4" type="stmt"/>
      </file>
    </package>
    <package name="components.ui">
      <metrics statements="5" coveredstatements="5" conditionals="3" coveredconditionals="2" methods="1" coveredmethods="1"/>
      <file name="button.tsx" path="/Users/timothydehof/Dev/Personal/portfolios/myPortfolio/src/components/ui/button.tsx">
        <metrics statements="5" coveredstatements="5" conditionals="3" coveredconditionals="2" methods="1" coveredmethods="1"/>
        <line num="7" count="2" type="stmt"/>
        <line num="43" count="2" type="stmt"/>
        <line num="45" count="12" type="cond" truecount="1" falsecount="1"/>
        <line num="46" count="12" type="stmt"/>
        <line num="55" count="2" type="stmt"/>
      </file>
    </package>
    <package name="lib">
      <metrics statements="19" coveredstatements="10" conditionals="12" coveredconditionals="2" methods="6" coveredmethods="3"/>
      <file name="env.ts" path="/Users/timothydehof/Dev/Personal/portfolios/myPortfolio/src/lib/env.ts">
        <metrics statements="5" coveredstatements="5" conditionals="3" coveredconditionals="1" methods="1" coveredmethods="1"/>
        <line num="5" count="8" type="stmt"/>
        <line num="13" count="8" type="stmt"/>
        <line num="15" count="736" type="stmt"/>
        <line num="20" count="8" type="stmt"/>
        <line num="21" count="8" type="stmt"/>
      </file>
      <file name="query-client.ts" path="/Users/timothydehof/Dev/Personal/portfolios/myPortfolio/src/lib/query-client.ts">
        <metrics statements="5" coveredstatements="1" conditionals="4" coveredconditionals="0" methods="2" coveredmethods="0"/>
        <line num="3" count="1" type="stmt"/>
        <line num="10" count="0" type="cond" truecount="0" falsecount="4"/>
        <line num="11" count="0" type="stmt"/>
        <line num="14" count="0" type="stmt"/>
        <line num="16" count="0" type="stmt"/>
      </file>
      <file name="try-parse-env.ts" path="/Users/timothydehof/Dev/Personal/portfolios/myPortfolio/src/lib/try-parse-env.ts">
        <metrics statements="8" coveredstatements="3" conditionals="5" coveredconditionals="1" methods="2" coveredmethods="1"/>
        <line num="9" count="8" type="stmt"/>
        <line num="10" count="8" type="stmt"/>
        <line num="11" count="8" type="stmt"/>
        <line num="14" count="0" type="cond" truecount="0" falsecount="2"/>
        <line num="15" count="0" type="stmt"/>
        <line num="16" count="0" type="stmt"/>
        <line num="18" count="0" type="stmt"/>
        <line num="24" count="0" type="cond" truecount="0" falsecount="2"/>
      </file>
      <file name="utils.ts" path="/Users/timothydehof/Dev/Personal/portfolios/myPortfolio/src/lib/utils.ts">
        <metrics statements="1" coveredstatements="1" conditionals="0" coveredconditionals="0" methods="1" coveredmethods="1"/>
        <line num="7" count="12" type="stmt"/>
      </file>
    </package>
    <package name="services">
      <metrics statements="28" coveredstatements="27" conditionals="16" coveredconditionals="13" methods="2" coveredmethods="2"/>
      <file name="email-service.ts" path="/Users/timothydehof/Dev/Personal/portfolios/myPortfolio/src/services/email-service.ts">
        <metrics statements="28" coveredstatements="27" conditionals="16" coveredconditionals="13" methods="2" coveredmethods="2"/>
        <line num="4" count="8" type="cond" truecount="2" falsecount="0"/>
        <line num="14" count="8" type="cond" truecount="4" falsecount="0"/>
        <line num="15" count="2" type="stmt"/>
        <line num="18" count="6" type="stmt"/>
        <line num="19" count="6" type="stmt"/>
        <line num="20" count="6" type="stmt"/>
        <line num="21" count="6" type="stmt"/>
        <line num="22" count="6" type="stmt"/>
        <line num="23" count="6" type="stmt"/>
        <line num="24" count="6" type="stmt"/>
        <line num="25" count="6" type="stmt"/>
        <line num="26" count="6" type="stmt"/>
        <line num="28" count="6" type="stmt"/>
        <line num="33" count="4" type="stmt"/>
        <line num="35" count="4" type="cond" truecount="2" falsecount="0"/>
        <line num="36" count="1" type="cond" truecount="1" falsecount="1"/>
        <line num="39" count="3" type="cond" truecount="2" falsecount="0"/>
        <line num="40" count="1" type="cond" truecount="1" falsecount="1"/>
        <line num="44" count="4" type="stmt"/>
        <line num="45" count="4" type="cond" truecount="1" falsecount="1"/>
        <line num="46" count="4" type="stmt"/>
        <line num="48" count="0" type="stmt"/>
        <line num="54" count="2" type="stmt"/>
        <line num="55" count="2" type="stmt"/>
        <line num="61" count="2" type="stmt"/>
        <line num="62" count="1" type="stmt"/>
        <line num="65" count="1" type="stmt"/>
        <line num="66" count="1" type="stmt"/>
      </file>
    </package>
    <package name="services.api">
      <metrics statements="174" coveredstatements="162" conditionals="83" coveredconditionals="63" methods="49" coveredmethods="49"/>
      <file name="github-stats.ts" path="/Users/timothydehof/Dev/Personal/portfolios/myPortfolio/src/services/api/github-stats.ts">
        <metrics statements="70" coveredstatements="70" conditionals="24" coveredconditionals="19" methods="25" coveredmethods="25"/>
        <line num="61" count="1" type="stmt"/>
        <line num="90" count="4" type="cond" truecount="1" falsecount="1"/>
        <line num="93" count="1" type="stmt"/>
        <line num="97" count="3" type="stmt"/>
        <line num="103" count="1" type="stmt"/>
        <line num="106" count="1" type="stmt"/>
        <line num="108" count="1" type="stmt"/>
        <line num="127" count="1" type="stmt"/>
        <line num="133" count="8" type="stmt"/>
        <line num="134" count="8" type="stmt"/>
        <line num="137" count="8" type="stmt"/>
        <line num="138" count="8" type="stmt"/>
        <line num="141" count="5" type="stmt"/>
        <line num="142" count="8" type="stmt"/>
        <line num="144" count="6" type="stmt"/>
        <line num="146" count="1" type="stmt"/>
        <line num="147" count="1" type="stmt"/>
        <line num="151" count="5" type="stmt"/>
        <line num="154" count="5" type="stmt"/>
        <line num="155" count="5" type="stmt"/>
        <line num="156" count="6" type="stmt"/>
        <line num="157" count="7" type="cond" truecount="2" falsecount="0"/>
        <line num="162" count="5" type="stmt"/>
        <line num="163" count="5" type="stmt"/>
        <line num="164" count="4" type="stmt"/>
        <line num="170" count="2" type="stmt"/>
        <line num="174" count="5" type="stmt"/>
        <line num="175" count="5" type="stmt"/>
        <line num="176" count="8" type="stmt"/>
        <line num="177" count="8" type="cond" truecount="2" falsecount="0"/>
        <line num="181" count="5" type="stmt"/>
        <line num="182" count="8" type="stmt"/>
        <line num="183" count="6" type="stmt"/>
        <line num="186" count="5" type="stmt"/>
        <line num="200" count="3" type="stmt"/>
        <line num="201" count="3" type="stmt"/>
        <line num="202" count="7" type="stmt"/>
        <line num="203" count="7" type="stmt"/>
        <line num="207" count="3" type="stmt"/>
        <line num="208" count="7" type="stmt"/>
        <line num="209" count="7" type="stmt"/>
        <line num="210" count="7" type="stmt"/>
        <line num="211" count="7" type="stmt"/>
        <line num="214" count="3" type="stmt"/>
        <line num="224" count="3" type="stmt"/>
        <line num="225" count="3" type="stmt"/>
        <line num="226" count="3" type="stmt"/>
        <line num="229" count="3" type="stmt"/>
        <line num="230" count="156" type="stmt"/>
        <line num="232" count="156" type="stmt"/>
        <line num="233" count="1092" type="stmt"/>
        <line num="234" count="1092" type="stmt"/>
        <line num="236" count="1092" type="cond" truecount="1" falsecount="1"/>
        <line num="238" count="1092" type="stmt"/>
        <line num="239" count="1092" type="cond" truecount="4" falsecount="0"/>
        <line num="240" count="1092" type="stmt"/>
        <line num="241" count="1092" type="stmt"/>
        <line num="243" count="1092" type="stmt"/>
        <line num="244" count="1092" type="cond" truecount="1" falsecount="1"/>
        <line num="245" count="1092" type="cond" truecount="2" falsecount="0"/>
        <line num="247" count="923" type="cond" truecount="2" falsecount="0"/>
        <line num="249" count="696" type="cond" truecount="2" falsecount="0"/>
        <line num="251" count="388" type="stmt"/>
        <line num="253" count="1092" type="stmt"/>
        <line num="261" count="156" type="cond" truecount="1" falsecount="1"/>
        <line num="262" count="156" type="stmt"/>
        <line num="266" count="3" type="stmt"/>
        <line num="271" count="1" type="stmt"/>
        <line num="273" count="1" type="stmt"/>
        <line num="274" count="1" type="stmt"/>
      </file>
      <file name="github.ts" path="/Users/timothydehof/Dev/Personal/portfolios/myPortfolio/src/services/api/github.ts">
        <metrics statements="104" coveredstatements="92" conditionals="59" coveredconditionals="44" methods="24" coveredmethods="24"/>
        <line num="51" count="2" type="stmt"/>
        <line num="53" count="2" type="stmt"/>
        <line num="56" count="2" type="stmt"/>
        <line num="67" count="9" type="stmt"/>
        <line num="68" count="9" type="stmt"/>
        <line num="69" count="9" type="stmt"/>
        <line num="72" count="9" type="cond" truecount="2" falsecount="0"/>
        <line num="73" count="9" type="stmt"/>
        <line num="79" count="15" type="stmt"/>
        <line num="81" count="15" type="stmt"/>
        <line num="83" count="15" type="stmt"/>
        <line num="85" count="15" type="stmt"/>
        <line num="87" count="15" type="cond" truecount="2" falsecount="0"/>
        <line num="88" count="7" type="stmt"/>
        <line num="89" count="7" type="stmt"/>
        <line num="91" count="7" type="stmt"/>
        <line num="94" count="7" type="cond" truecount="1" falsecount="1"/>
        <line num="95" count="0" type="cond" truecount="0" falsecount="2"/>
        <line num="96" count="0" type="stmt"/>
        <line num="97" count="0" type="cond" truecount="0" falsecount="4"/>
        <line num="98" count="0" type="stmt"/>
        <line num="100" count="0" type="stmt"/>
        <line num="105" count="7" type="stmt"/>
        <line num="106" count="7" type="stmt"/>
        <line num="107" count="7" type="cond" truecount="1" falsecount="1"/>
        <line num="111" count="0" type="cond" truecount="0" falsecount="2"/>
        <line num="115" count="7" type="stmt"/>
        <line num="119" count="8" type="cond" truecount="2" falsecount="0"/>
        <line num="120" count="15" type="cond" truecount="1" falsecount="1"/>
        <line num="121" count="0" type="stmt"/>
        <line num="122" count="0" type="stmt"/>
        <line num="123" count="0" type="stmt"/>
        <line num="126" count="8" type="stmt"/>
        <line num="127" count="8" type="stmt"/>
        <line num="128" count="8" type="stmt"/>
        <line num="131" count="7" type="cond" truecount="1" falsecount="1"/>
        <line num="132" count="7" type="stmt"/>
        <line num="135" count="0" type="stmt"/>
        <line num="136" count="0" type="cond" truecount="0" falsecount="2"/>
        <line num="142" count="2" type="stmt"/>
        <line num="145" count="3" type="stmt"/>
        <line num="150" count="7" type="stmt"/>
        <line num="151" count="7" type="stmt"/>
        <line num="153" count="5" type="stmt"/>
        <line num="156" count="5" type="stmt"/>
        <line num="157" count="30" type="stmt"/>
        <line num="158" count="30" type="stmt"/>
        <line num="159" count="30" type="stmt"/>
        <line num="160" count="30" type="cond" truecount="2" falsecount="0"/>
        <line num="162" count="30" type="cond" truecount="2" falsecount="0"/>
        <line num="163" count="30" type="cond" truecount="2" falsecount="0"/>
        <line num="164" count="30" type="cond" truecount="2" falsecount="0"/>
        <line num="165" count="30" type="cond" truecount="2" falsecount="0"/>
        <line num="167" count="30" type="cond" truecount="4" falsecount="0"/>
        <line num="171" count="18" type="stmt"/>
        <line num="177" count="5" type="stmt"/>
        <line num="178" count="22" type="stmt"/>
        <line num="179" count="22" type="stmt"/>
        <line num="180" count="22" type="stmt"/>
        <line num="182" count="22" type="cond" truecount="2" falsecount="0"/>
        <line num="185" count="10" type="stmt"/>
        <line num="186" count="10" type="stmt"/>
        <line num="188" count="10" type="cond" truecount="1" falsecount="1"/>
        <line num="190" count="0" type="stmt"/>
        <line num="197" count="23" type="stmt"/>
        <line num="198" count="23" type="stmt"/>
        <line num="201" count="23" type="stmt"/>
        <line num="210" count="23" type="stmt"/>
        <line num="212" count="23" type="cond" truecount="5" falsecount="0"/>
        <line num="213" count="14" type="stmt"/>
        <line num="214" count="14" type="stmt"/>
        <line num="218" count="9" type="cond" truecount="2" falsecount="0"/>
        <line num="219" count="3" type="stmt"/>
        <line num="220" count="3" type="stmt"/>
        <line num="224" count="6" type="stmt"/>
        <line num="230" count="23" type="cond" truecount="2" falsecount="0"/>
        <line num="231" count="3" type="stmt"/>
        <line num="232" count="3" type="stmt"/>
        <line num="236" count="3" type="stmt"/>
        <line num="237" count="3" type="stmt"/>
        <line num="242" count="2" type="stmt"/>
        <line num="244" count="2" type="stmt"/>
        <line num="245" count="2" type="stmt"/>
        <line num="248" count="1" type="stmt"/>
        <line num="249" count="1" type="stmt"/>
        <line num="255" count="3" type="stmt"/>
        <line num="260" count="2" type="stmt"/>
        <line num="262" count="1" type="stmt"/>
        <line num="263" count="4" type="stmt"/>
        <line num="264" count="1" type="stmt"/>
        <line num="265" count="1" type="stmt"/>
        <line num="269" count="2" type="stmt"/>
        <line num="272" count="1" type="stmt"/>
        <line num="277" count="1" type="stmt"/>
        <line num="282" count="1" type="stmt"/>
        <line num="290" count="1" type="stmt"/>
        <line num="296" count="3" type="stmt"/>
        <line num="297" count="7" type="stmt"/>
        <line num="298" count="6" type="stmt"/>
        <line num="300" count="3" type="stmt"/>
        <line num="304" count="2" type="stmt"/>
        <line num="305" count="2" type="stmt"/>
        <line num="313" count="4" type="stmt"/>
        <line num="322" count="4" type="cond" truecount="2" falsecount="0"/>
      </file>
    </package>
  </project>
</coverage>
