{"/Users/timothydehof/Dev/Personal/portfolios/myPortfolio/src/components/common/animated-icon.tsx": {"path":"/Users/timothydehof/Dev/Personal/portfolios/myPortfolio/src/components/common/animated-icon.tsx","statementMap":{"0":{"start":{"line":43,"column":30},"end":{"line":46,"column":null}},"1":{"start":{"line":48,"column":8},"end":{"line":48,"column":null}},"2":{"start":{"line":50,"column":24},"end":{"line":50,"column":null}},"3":{"start":{"line":52,"column":23},"end":{"line":58,"column":null}},"4":{"start":{"line":53,"column":4},"end":{"line":55,"column":null}},"5":{"start":{"line":54,"column":6},"end":{"line":54,"column":null}},"6":{"start":{"line":57,"column":4},"end":{"line":57,"column":null}},"7":{"start":{"line":60,"column":2},"end":{"line":62,"column":null}},"8":{"start":{"line":61,"column":4},"end":{"line":61,"column":null}},"9":{"start":{"line":64,"column":2},"end":{"line":75,"column":null}}},"fnMap":{"0":{"name":"AnimatedIcon","decl":{"start":{"line":42,"column":9},"end":{"line":42,"column":22}},"loc":{"start":{"line":42,"column":91},"end":{"line":77,"column":null}},"line":42},"1":{"name":"(anonymous_1)","decl":{"start":{"line":52,"column":23},"end":{"line":52,"column":29}},"loc":{"start":{"line":52,"column":29},"end":{"line":58,"column":null}},"line":52}},"branchMap":{"0":{"loc":{"start":{"line":50,"column":24},"end":{"line":50,"column":null}},"type":"binary-expr","locations":[{"start":{"line":50,"column":24},"end":{"line":50,"column":37}},{"start":{"line":50,"column":37},"end":{"line":50,"column":null}}],"line":50},"1":{"loc":{"start":{"line":53,"column":4},"end":{"line":55,"column":null}},"type":"if","locations":[{"start":{"line":53,"column":4},"end":{"line":55,"column":null}},{"start":{},"end":{}}],"line":53},"2":{"loc":{"start":{"line":57,"column":11},"end":{"line":57,"column":null}},"type":"cond-expr","locations":[{"start":{"line":57,"column":28},"end":{"line":57,"column":53}},{"start":{"line":57,"column":53},"end":{"line":57,"column":null}}],"line":57},"3":{"loc":{"start":{"line":60,"column":2},"end":{"line":62,"column":null}},"type":"if","locations":[{"start":{"line":60,"column":2},"end":{"line":62,"column":null}},{"start":{},"end":{}}],"line":60},"4":{"loc":{"start":{"line":67,"column":23},"end":{"line":67,"column":80}},"type":"binary-expr","locations":[{"start":{"line":67,"column":23},"end":{"line":67,"column":49}},{"start":{"line":67,"column":49},"end":{"line":67,"column":75}},{"start":{"line":67,"column":75},"end":{"line":67,"column":80}}],"line":67}},"s":{"0":3,"1":3,"2":3,"3":3,"4":2,"5":0,"6":2,"7":3,"8":1,"9":2},"f":{"0":3,"1":2},"b":{"0":[3,1],"1":[0,2],"2":[2,0],"3":[1,2],"4":[2,2,2]},"meta":{"lastBranch":5,"lastFunction":2,"lastStatement":10,"seen":{"f:42:9:42:22":0,"s:43:30:46:Infinity":0,"s:48:8:48:Infinity":1,"s:50:24:50:Infinity":2,"b:50:24:50:37:50:37:50:Infinity":0,"s:52:23:58:Infinity":3,"f:52:23:52:29":1,"b:53:4:55:Infinity:undefined:undefined:undefined:undefined":1,"s:53:4:55:Infinity":4,"s:54:6:54:Infinity":5,"s:57:4:57:Infinity":6,"b:57:28:57:53:57:53:57:Infinity":2,"b:60:2:62:Infinity:undefined:undefined:undefined:undefined":3,"s:60:2:62:Infinity":7,"s:61:4:61:Infinity":8,"s:64:2:75:Infinity":9,"b:67:23:67:49:67:49:67:75:67:75:67:80":4}}}
,"/Users/timothydehof/Dev/Personal/portfolios/myPortfolio/src/components/common/animated-section.tsx": {"path":"/Users/timothydehof/Dev/Personal/portfolios/myPortfolio/src/components/common/animated-section.tsx","statementMap":{"0":{"start":{"line":15,"column":63},"end":{"line":51,"column":null}},"1":{"start":{"line":22,"column":30},"end":{"line":25,"column":null}},"2":{"start":{"line":26,"column":28},"end":{"line":26,"column":null}},"3":{"start":{"line":28,"column":28},"end":{"line":33,"column":null}},"4":{"start":{"line":35,"column":2},"end":{"line":49,"column":null}}},"fnMap":{"0":{"name":"(anonymous_0)","decl":{"start":{"line":15,"column":63},"end":{"line":15,"column":64}},"loc":{"start":{"line":21,"column":6},"end":{"line":51,"column":null}},"line":21}},"branchMap":{"0":{"loc":{"start":{"line":17,"column":2},"end":{"line":17,"column":null}},"type":"default-arg","locations":[{"start":{"line":17,"column":14},"end":{"line":17,"column":null}}],"line":17},"1":{"loc":{"start":{"line":18,"column":2},"end":{"line":18,"column":null}},"type":"default-arg","locations":[{"start":{"line":18,"column":10},"end":{"line":18,"column":null}}],"line":18},"2":{"loc":{"start":{"line":19,"column":2},"end":{"line":19,"column":null}},"type":"default-arg","locations":[{"start":{"line":19,"column":14},"end":{"line":19,"column":null}}],"line":19},"3":{"loc":{"start":{"line":39,"column":15},"end":{"line":39,"column":null}},"type":"cond-expr","locations":[{"start":{"line":39,"column":32},"end":{"line":39,"column":61}},{"start":{"line":39,"column":61},"end":{"line":39,"column":null}}],"line":39}},"s":{"0":1,"1":2,"2":2,"3":2,"4":2},"f":{"0":2},"b":{"0":[2],"1":[2],"2":[2],"3":[2,0]},"meta":{"lastBranch":4,"lastFunction":1,"lastStatement":5,"seen":{"s:15:63:51:Infinity":0,"f:15:63:15:64":0,"b:17:14:17:Infinity":0,"b:18:10:18:Infinity":1,"b:19:14:19:Infinity":2,"s:22:30:25:Infinity":1,"s:26:28:26:Infinity":2,"s:28:28:33:Infinity":3,"s:35:2:49:Infinity":4,"b:39:32:39:61:39:61:39:Infinity":3}}}
,"/Users/timothydehof/Dev/Personal/portfolios/myPortfolio/src/components/common/loading-spinner.tsx": {"path":"/Users/timothydehof/Dev/Personal/portfolios/myPortfolio/src/components/common/loading-spinner.tsx","statementMap":{"0":{"start":{"line":10,"column":61},"end":{"line":37,"column":null}},"1":{"start":{"line":15,"column":22},"end":{"line":19,"column":null}},"2":{"start":{"line":21,"column":23},"end":{"line":26,"column":null}},"3":{"start":{"line":28,"column":2},"end":{"line":35,"column":null}}},"fnMap":{"0":{"name":"(anonymous_0)","decl":{"start":{"line":10,"column":61},"end":{"line":10,"column":62}},"loc":{"start":{"line":14,"column":6},"end":{"line":37,"column":null}},"line":14}},"branchMap":{"0":{"loc":{"start":{"line":11,"column":2},"end":{"line":11,"column":null}},"type":"default-arg","locations":[{"start":{"line":11,"column":9},"end":{"line":11,"column":null}}],"line":11},"1":{"loc":{"start":{"line":12,"column":2},"end":{"line":12,"column":null}},"type":"default-arg","locations":[{"start":{"line":12,"column":14},"end":{"line":12,"column":null}}],"line":12},"2":{"loc":{"start":{"line":13,"column":2},"end":{"line":13,"column":null}},"type":"default-arg","locations":[{"start":{"line":13,"column":10},"end":{"line":13,"column":null}}],"line":13}},"s":{"0":1,"1":4,"2":4,"3":4},"f":{"0":4},"b":{"0":[4],"1":[4],"2":[4]},"meta":{"lastBranch":3,"lastFunction":1,"lastStatement":4,"seen":{"s:10:61:37:Infinity":0,"f:10:61:10:62":0,"b:11:9:11:Infinity":0,"b:12:14:12:Infinity":1,"b:13:10:13:Infinity":2,"s:15:22:19:Infinity":1,"s:21:23:26:Infinity":2,"s:28:2:35:Infinity":3}}}
,"/Users/timothydehof/Dev/Personal/portfolios/myPortfolio/src/components/common/theme-toggle.tsx": {"path":"/Users/timothydehof/Dev/Personal/portfolios/myPortfolio/src/components/common/theme-toggle.tsx","statementMap":{"0":{"start":{"line":8,"column":37},"end":{"line":39,"column":null}},"1":{"start":{"line":9,"column":29},"end":{"line":9,"column":null}},"2":{"start":{"line":11,"column":2},"end":{"line":37,"column":null}}},"fnMap":{"0":{"name":"(anonymous_0)","decl":{"start":{"line":8,"column":37},"end":{"line":8,"column":43}},"loc":{"start":{"line":8,"column":43},"end":{"line":39,"column":null}},"line":8}},"branchMap":{"0":{"loc":{"start":{"line":18,"column":33},"end":{"line":18,"column":68}},"type":"cond-expr","locations":[{"start":{"line":18,"column":52},"end":{"line":18,"column":62}},{"start":{"line":18,"column":62},"end":{"line":18,"column":68}}],"line":18},"1":{"loc":{"start":{"line":28,"column":11},"end":{"line":28,"column":null}},"type":"cond-expr","locations":[{"start":{"line":28,"column":30},"end":{"line":28,"column":60}},{"start":{"line":28,"column":60},"end":{"line":28,"column":null}}],"line":28},"2":{"loc":{"start":{"line":34,"column":9},"end":{"line":34,"column":null}},"type":"cond-expr","locations":[{"start":{"line":34,"column":28},"end":{"line":34,"column":53}},{"start":{"line":34,"column":53},"end":{"line":34,"column":null}}],"line":34}},"s":{"0":1,"1":4,"2":4},"f":{"0":4},"b":{"0":[0,4],"1":[0,4],"2":[0,4]},"meta":{"lastBranch":3,"lastFunction":1,"lastStatement":3,"seen":{"s:8:37:39:Infinity":0,"f:8:37:8:43":0,"s:9:29:9:Infinity":1,"s:11:2:37:Infinity":2,"b:18:52:18:62:18:62:18:68":0,"b:28:30:28:60:28:60:28:Infinity":1,"b:34:28:34:53:34:53:34:Infinity":2}}}
,"/Users/timothydehof/Dev/Personal/portfolios/myPortfolio/src/components/ui/button.tsx": {"path":"/Users/timothydehof/Dev/Personal/portfolios/myPortfolio/src/components/ui/button.tsx","statementMap":{"0":{"start":{"line":7,"column":6},"end":{"line":35,"column":null}},"1":{"start":{"line":43,"column":15},"end":{"line":54,"column":null}},"2":{"start":{"line":45,"column":17},"end":{"line":45,"column":null}},"3":{"start":{"line":46,"column":4},"end":{"line":51,"column":null}},"4":{"start":{"line":55,"column":0},"end":{"line":55,"column":null}}},"fnMap":{"0":{"name":"(anonymous_0)","decl":{"start":{"line":44,"column":2},"end":{"line":44,"column":3}},"loc":{"start":{"line":44,"column":68},"end":{"line":53,"column":null}},"line":44}},"branchMap":{"0":{"loc":{"start":{"line":44,"column":31},"end":{"line":44,"column":48}},"type":"default-arg","locations":[{"start":{"line":44,"column":41},"end":{"line":44,"column":48}}],"line":44},"1":{"loc":{"start":{"line":45,"column":17},"end":{"line":45,"column":null}},"type":"cond-expr","locations":[{"start":{"line":45,"column":27},"end":{"line":45,"column":34}},{"start":{"line":45,"column":34},"end":{"line":45,"column":null}}],"line":45}},"s":{"0":2,"1":2,"2":12,"3":12,"4":2},"f":{"0":12},"b":{"0":[12],"1":[0,12]},"meta":{"lastBranch":2,"lastFunction":1,"lastStatement":5,"seen":{"s:7:6:35:Infinity":0,"s:43:15:54:Infinity":1,"f:44:2:44:3":0,"b:44:41:44:48":0,"s:45:17:45:Infinity":2,"b:45:27:45:34:45:34:45:Infinity":1,"s:46:4:51:Infinity":3,"s:55:0:55:Infinity":4}}}
,"/Users/timothydehof/Dev/Personal/portfolios/myPortfolio/src/lib/env.ts": {"path":"/Users/timothydehof/Dev/Personal/portfolios/myPortfolio/src/lib/env.ts","statementMap":{"0":{"start":{"line":5,"column":18},"end":{"line":8,"column":null}},"1":{"start":{"line":13,"column":23},"end":{"line":18,"column":null}},"2":{"start":{"line":15,"column":58},"end":{"line":15,"column":83}},"3":{"start":{"line":20,"column":0},"end":{"line":20,"column":null}},"4":{"start":{"line":21,"column":19},"end":{"line":21,"column":null}}},"fnMap":{"0":{"name":"(anonymous_0)","decl":{"start":{"line":15,"column":43},"end":{"line":15,"column":44}},"loc":{"start":{"line":15,"column":58},"end":{"line":15,"column":83}},"line":15}},"branchMap":{"0":{"loc":{"start":{"line":17,"column":17},"end":{"line":17,"column":null}},"type":"binary-expr","locations":[{"start":{"line":17,"column":17},"end":{"line":17,"column":50}},{"start":{"line":17,"column":50},"end":{"line":17,"column":74}},{"start":{"line":17,"column":74},"end":{"line":17,"column":null}}],"line":17}},"s":{"0":8,"1":8,"2":736,"3":8,"4":8},"f":{"0":736},"b":{"0":[8,0,0]},"meta":{"lastBranch":1,"lastFunction":1,"lastStatement":5,"seen":{"s:5:18:8:Infinity":0,"s:13:23:18:Infinity":1,"f:15:43:15:44":0,"s:15:58:15:83":2,"b:17:17:17:50:17:50:17:74:17:74:17:Infinity":0,"s:20:0:20:Infinity":3,"s:21:19:21:Infinity":4}}}
,"/Users/timothydehof/Dev/Personal/portfolios/myPortfolio/src/lib/query-client.ts": {"path":"/Users/timothydehof/Dev/Personal/portfolios/myPortfolio/src/lib/query-client.ts","statementMap":{"0":{"start":{"line":3,"column":27},"end":{"line":22,"column":null}},"1":{"start":{"line":10,"column":8},"end":{"line":12,"column":null}},"2":{"start":{"line":11,"column":10},"end":{"line":11,"column":null}},"3":{"start":{"line":14,"column":8},"end":{"line":14,"column":null}},"4":{"start":{"line":16,"column":36},"end":{"line":16,"column":null}}},"fnMap":{"0":{"name":"(anonymous_0)","decl":{"start":{"line":8,"column":13},"end":{"line":8,"column":14}},"loc":{"start":{"line":8,"column":38},"end":{"line":15,"column":null}},"line":8},"1":{"name":"(anonymous_1)","decl":{"start":{"line":16,"column":18},"end":{"line":16,"column":19}},"loc":{"start":{"line":16,"column":36},"end":{"line":16,"column":null}},"line":16}},"branchMap":{"0":{"loc":{"start":{"line":10,"column":8},"end":{"line":12,"column":null}},"type":"if","locations":[{"start":{"line":10,"column":8},"end":{"line":12,"column":null}},{"start":{},"end":{}}],"line":10},"1":{"loc":{"start":{"line":10,"column":12},"end":{"line":10,"column":69}},"type":"binary-expr","locations":[{"start":{"line":10,"column":12},"end":{"line":10,"column":38}},{"start":{"line":10,"column":38},"end":{"line":10,"column":69}}],"line":10}},"s":{"0":1,"1":0,"2":0,"3":0,"4":0},"f":{"0":0,"1":0},"b":{"0":[0,0],"1":[0,0]},"meta":{"lastBranch":2,"lastFunction":2,"lastStatement":5,"seen":{"s:3:27:22:Infinity":0,"f:8:13:8:14":0,"b:10:8:12:Infinity:undefined:undefined:undefined:undefined":0,"s:10:8:12:Infinity":1,"b:10:12:10:38:10:38:10:69":1,"s:11:10:11:Infinity":2,"s:14:8:14:Infinity":3,"f:16:18:16:19":1,"s:16:36:16:Infinity":4}}}
,"/Users/timothydehof/Dev/Personal/portfolios/myPortfolio/src/lib/try-parse-env.ts": {"path":"/Users/timothydehof/Dev/Personal/portfolios/myPortfolio/src/lib/try-parse-env.ts","statementMap":{"0":{"start":{"line":9,"column":2},"end":{"line":25,"column":null}},"1":{"start":{"line":10,"column":22},"end":{"line":10,"column":null}},"2":{"start":{"line":11,"column":4},"end":{"line":11,"column":null}},"3":{"start":{"line":14,"column":4},"end":{"line":22,"column":null}},"4":{"start":{"line":15,"column":26},"end":{"line":16,"column":null}},"5":{"start":{"line":16,"column":22},"end":{"line":16,"column":68}},"6":{"start":{"line":18,"column":6},"end":{"line":21,"column":null}},"7":{"start":{"line":24,"column":4},"end":{"line":24,"column":null}}},"fnMap":{"0":{"name":"tryParseEnv","decl":{"start":{"line":5,"column":24},"end":{"line":5,"column":null}},"loc":{"start":{"line":8,"column":16},"end":{"line":26,"column":null}},"line":8},"1":{"name":"(anonymous_1)","decl":{"start":{"line":16,"column":13},"end":{"line":16,"column":22}},"loc":{"start":{"line":16,"column":22},"end":{"line":16,"column":68}},"line":16}},"branchMap":{"0":{"loc":{"start":{"line":7,"column":2},"end":{"line":7,"column":null}},"type":"default-arg","locations":[{"start":{"line":7,"column":50},"end":{"line":7,"column":null}}],"line":7},"1":{"loc":{"start":{"line":14,"column":4},"end":{"line":22,"column":null}},"type":"if","locations":[{"start":{"line":14,"column":4},"end":{"line":22,"column":null}},{"start":{},"end":{}}],"line":14},"2":{"loc":{"start":{"line":24,"column":56},"end":{"line":24,"column":112}},"type":"cond-expr","locations":[{"start":{"line":24,"column":81},"end":{"line":24,"column":97}},{"start":{"line":24,"column":97},"end":{"line":24,"column":112}}],"line":24}},"s":{"0":8,"1":8,"2":8,"3":0,"4":0,"5":0,"6":0,"7":0},"f":{"0":8,"1":0},"b":{"0":[8],"1":[0,0],"2":[0,0]},"meta":{"lastBranch":3,"lastFunction":2,"lastStatement":8,"seen":{"f:5:24:5:Infinity":0,"b:7:50:7:Infinity":0,"s:9:2:25:Infinity":0,"s:10:22:10:Infinity":1,"s:11:4:11:Infinity":2,"b:14:4:22:Infinity:undefined:undefined:undefined:undefined":1,"s:14:4:22:Infinity":3,"s:15:26:16:Infinity":4,"f:16:13:16:22":1,"s:16:22:16:68":5,"s:18:6:21:Infinity":6,"s:24:4:24:Infinity":7,"b:24:81:24:97:24:97:24:112":2}}}
,"/Users/timothydehof/Dev/Personal/portfolios/myPortfolio/src/lib/utils.ts": {"path":"/Users/timothydehof/Dev/Personal/portfolios/myPortfolio/src/lib/utils.ts","statementMap":{"0":{"start":{"line":7,"column":2},"end":{"line":7,"column":null}}},"fnMap":{"0":{"name":"cn","decl":{"start":{"line":6,"column":16},"end":{"line":6,"column":22}},"loc":{"start":{"line":6,"column":44},"end":{"line":8,"column":null}},"line":6}},"branchMap":{},"s":{"0":12},"f":{"0":12},"b":{},"meta":{"lastBranch":0,"lastFunction":1,"lastStatement":1,"seen":{"f:6:16:6:22":0,"s:7:2:7:Infinity":0}}}
,"/Users/timothydehof/Dev/Personal/portfolios/myPortfolio/src/services/email-service.ts": {"path":"/Users/timothydehof/Dev/Personal/portfolios/myPortfolio/src/services/email-service.ts","statementMap":{"0":{"start":{"line":4,"column":29},"end":{"line":4,"column":null}},"1":{"start":{"line":14,"column":2},"end":{"line":16,"column":null}},"2":{"start":{"line":15,"column":4},"end":{"line":15,"column":null}},"3":{"start":{"line":18,"column":2},"end":{"line":49,"column":null}},"4":{"start":{"line":19,"column":21},"end":{"line":19,"column":null}},"5":{"start":{"line":20,"column":4},"end":{"line":20,"column":null}},"6":{"start":{"line":21,"column":4},"end":{"line":21,"column":null}},"7":{"start":{"line":22,"column":4},"end":{"line":22,"column":null}},"8":{"start":{"line":23,"column":4},"end":{"line":23,"column":null}},"9":{"start":{"line":24,"column":4},"end":{"line":24,"column":null}},"10":{"start":{"line":25,"column":4},"end":{"line":25,"column":null}},"11":{"start":{"line":26,"column":4},"end":{"line":26,"column":null}},"12":{"start":{"line":28,"column":21},"end":{"line":31,"column":null}},"13":{"start":{"line":33,"column":19},"end":{"line":33,"column":null}},"14":{"start":{"line":35,"column":4},"end":{"line":37,"column":null}},"15":{"start":{"line":36,"column":6},"end":{"line":36,"column":null}},"16":{"start":{"line":39,"column":4},"end":{"line":41,"column":null}},"17":{"start":{"line":40,"column":6},"end":{"line":40,"column":null}},"18":{"start":{"line":44,"column":4},"end":{"line":44,"column":null}},"19":{"start":{"line":45,"column":4},"end":{"line":47,"column":null}},"20":{"start":{"line":46,"column":6},"end":{"line":46,"column":null}},"21":{"start":{"line":48,"column":4},"end":{"line":48,"column":null}},"22":{"start":{"line":54,"column":2},"end":{"line":67,"column":null}},"23":{"start":{"line":55,"column":32},"end":{"line":59,"column":null}},"24":{"start":{"line":61,"column":4},"end":{"line":61,"column":null}},"25":{"start":{"line":62,"column":4},"end":{"line":62,"column":null}},"26":{"start":{"line":65,"column":4},"end":{"line":65,"column":null}},"27":{"start":{"line":66,"column":4},"end":{"line":66,"column":null}}},"fnMap":{"0":{"name":"sendEmail","decl":{"start":{"line":13,"column":22},"end":{"line":13,"column":32}},"loc":{"start":{"line":13,"column":64},"end":{"line":50,"column":1}},"line":13},"1":{"name":"testEmailConfiguration","decl":{"start":{"line":53,"column":22},"end":{"line":53,"column":65}},"loc":{"start":{"line":53,"column":65},"end":{"line":68,"column":1}},"line":53}},"branchMap":{"0":{"loc":{"start":{"line":4,"column":29},"end":{"line":4,"column":null}},"type":"binary-expr","locations":[{"start":{"line":4,"column":29},"end":{"line":4,"column":62}},{"start":{"line":4,"column":62},"end":{"line":4,"column":null}}],"line":4},"1":{"loc":{"start":{"line":14,"column":2},"end":{"line":16,"column":null}},"type":"if","locations":[{"start":{"line":14,"column":2},"end":{"line":16,"column":null}},{"start":{},"end":{}}],"line":14},"2":{"loc":{"start":{"line":14,"column":6},"end":{"line":14,"column":85}},"type":"binary-expr","locations":[{"start":{"line":14,"column":6},"end":{"line":14,"column":31}},{"start":{"line":14,"column":31},"end":{"line":14,"column":85}}],"line":14},"3":{"loc":{"start":{"line":35,"column":4},"end":{"line":37,"column":null}},"type":"if","locations":[{"start":{"line":35,"column":4},"end":{"line":37,"column":null}},{"start":{},"end":{}}],"line":35},"4":{"loc":{"start":{"line":36,"column":22},"end":{"line":36,"column":62}},"type":"binary-expr","locations":[{"start":{"line":36,"column":22},"end":{"line":36,"column":40}},{"start":{"line":36,"column":40},"end":{"line":36,"column":62}}],"line":36},"5":{"loc":{"start":{"line":39,"column":4},"end":{"line":41,"column":null}},"type":"if","locations":[{"start":{"line":39,"column":4},"end":{"line":41,"column":null}},{"start":{},"end":{}}],"line":39},"6":{"loc":{"start":{"line":40,"column":22},"end":{"line":40,"column":62}},"type":"binary-expr","locations":[{"start":{"line":40,"column":22},"end":{"line":40,"column":40}},{"start":{"line":40,"column":40},"end":{"line":40,"column":62}}],"line":40},"7":{"loc":{"start":{"line":45,"column":4},"end":{"line":47,"column":null}},"type":"if","locations":[{"start":{"line":45,"column":4},"end":{"line":47,"column":null}},{"start":{},"end":{}}],"line":45}},"s":{"0":8,"1":8,"2":2,"3":6,"4":6,"5":6,"6":6,"7":6,"8":6,"9":6,"10":6,"11":6,"12":6,"13":4,"14":4,"15":1,"16":3,"17":1,"18":4,"19":4,"20":4,"21":0,"22":2,"23":2,"24":2,"25":1,"26":1,"27":1},"f":{"0":8,"1":2},"b":{"0":[8,1],"1":[2,6],"2":[8,8],"3":[1,3],"4":[1,0],"5":[1,2],"6":[1,0],"7":[4,0]},"meta":{"lastBranch":8,"lastFunction":2,"lastStatement":28,"seen":{"s:4:29:4:Infinity":0,"b:4:29:4:62:4:62:4:Infinity":0,"f:13:22:13:32":0,"b:14:2:16:Infinity:undefined:undefined:undefined:undefined":1,"s:14:2:16:Infinity":1,"b:14:6:14:31:14:31:14:85":2,"s:15:4:15:Infinity":2,"s:18:2:49:Infinity":3,"s:19:21:19:Infinity":4,"s:20:4:20:Infinity":5,"s:21:4:21:Infinity":6,"s:22:4:22:Infinity":7,"s:23:4:23:Infinity":8,"s:24:4:24:Infinity":9,"s:25:4:25:Infinity":10,"s:26:4:26:Infinity":11,"s:28:21:31:Infinity":12,"s:33:19:33:Infinity":13,"b:35:4:37:Infinity:undefined:undefined:undefined:undefined":3,"s:35:4:37:Infinity":14,"s:36:6:36:Infinity":15,"b:36:22:36:40:36:40:36:62":4,"b:39:4:41:Infinity:undefined:undefined:undefined:undefined":5,"s:39:4:41:Infinity":16,"s:40:6:40:Infinity":17,"b:40:22:40:40:40:40:40:62":6,"s:44:4:44:Infinity":18,"b:45:4:47:Infinity:undefined:undefined:undefined:undefined":7,"s:45:4:47:Infinity":19,"s:46:6:46:Infinity":20,"s:48:4:48:Infinity":21,"f:53:22:53:65":1,"s:54:2:67:Infinity":22,"s:55:32:59:Infinity":23,"s:61:4:61:Infinity":24,"s:62:4:62:Infinity":25,"s:65:4:65:Infinity":26,"s:66:4:66:Infinity":27}}}
,"/Users/timothydehof/Dev/Personal/portfolios/myPortfolio/src/services/api/github-stats.ts": {"path":"/Users/timothydehof/Dev/Personal/portfolios/myPortfolio/src/services/api/github-stats.ts","statementMap":{"0":{"start":{"line":61,"column":51},"end":{"line":87,"column":null}},"1":{"start":{"line":90,"column":2},"end":{"line":90,"column":null}},"2":{"start":{"line":93,"column":30},"end":{"line":268,"column":null}},"3":{"start":{"line":97,"column":36},"end":{"line":100,"column":null}},"4":{"start":{"line":103,"column":22},"end":{"line":103,"column":null}},"5":{"start":{"line":106,"column":26},"end":{"line":106,"column":null}},"6":{"start":{"line":108,"column":31},"end":{"line":125,"column":null}},"7":{"start":{"line":127,"column":4},"end":{"line":127,"column":null}},"8":{"start":{"line":133,"column":21},"end":{"line":133,"column":null}},"9":{"start":{"line":133,"column":49},"end":{"line":133,"column":59}},"10":{"start":{"line":134,"column":26},"end":{"line":134,"column":null}},"11":{"start":{"line":134,"column":54},"end":{"line":134,"column":63}},"12":{"start":{"line":137,"column":23},"end":{"line":137,"column":null}},"13":{"start":{"line":137,"column":58},"end":{"line":137,"column":87}},"14":{"start":{"line":138,"column":23},"end":{"line":138,"column":null}},"15":{"start":{"line":138,"column":58},"end":{"line":138,"column":82}},"16":{"start":{"line":141,"column":29},"end":{"line":149,"column":null}},"17":{"start":{"line":142,"column":22},"end":{"line":142,"column":40}},"18":{"start":{"line":144,"column":8},"end":{"line":148,"column":null}},"19":{"start":{"line":146,"column":12},"end":{"line":146,"column":null}},"20":{"start":{"line":147,"column":12},"end":{"line":147,"column":null}},"21":{"start":{"line":151,"column":28},"end":{"line":151,"column":null}},"22":{"start":{"line":154,"column":53},"end":{"line":154,"column":null}},"23":{"start":{"line":155,"column":4},"end":{"line":159,"column":null}},"24":{"start":{"line":156,"column":6},"end":{"line":158,"column":null}},"25":{"start":{"line":157,"column":8},"end":{"line":157,"column":null}},"26":{"start":{"line":162,"column":23},"end":{"line":162,"column":null}},"27":{"start":{"line":162,"column":75},"end":{"line":162,"column":88}},"28":{"start":{"line":163,"column":39},"end":{"line":171,"column":null}},"29":{"start":{"line":164,"column":31},"end":{"line":169,"column":8}},"30":{"start":{"line":170,"column":22},"end":{"line":170,"column":49}},"31":{"start":{"line":174,"column":51},"end":{"line":174,"column":null}},"32":{"start":{"line":175,"column":4},"end":{"line":179,"column":null}},"33":{"start":{"line":176,"column":6},"end":{"line":178,"column":null}},"34":{"start":{"line":177,"column":8},"end":{"line":177,"column":null}},"35":{"start":{"line":181,"column":33},"end":{"line":184,"column":null}},"36":{"start":{"line":182,"column":31},"end":{"line":182,"column":47}},"37":{"start":{"line":183,"column":22},"end":{"line":183,"column":39}},"38":{"start":{"line":186,"column":4},"end":{"line":194,"column":null}},"39":{"start":{"line":200,"column":18},"end":{"line":200,"column":null}},"40":{"start":{"line":201,"column":4},"end":{"line":204,"column":null}},"41":{"start":{"line":202,"column":6},"end":{"line":202,"column":null}},"42":{"start":{"line":203,"column":6},"end":{"line":203,"column":null}},"43":{"start":{"line":207,"column":27},"end":{"line":212,"column":null}},"44":{"start":{"line":208,"column":25},"end":{"line":208,"column":null}},"45":{"start":{"line":209,"column":27},"end":{"line":209,"column":null}},"46":{"start":{"line":210,"column":6},"end":{"line":210,"column":null}},"47":{"start":{"line":211,"column":6},"end":{"line":211,"column":null}},"48":{"start":{"line":214,"column":4},"end":{"line":219,"column":null}},"49":{"start":{"line":224,"column":38},"end":{"line":224,"column":null}},"50":{"start":{"line":225,"column":18},"end":{"line":225,"column":null}},"51":{"start":{"line":226,"column":22},"end":{"line":226,"column":null}},"52":{"start":{"line":229,"column":4},"end":{"line":264,"column":null}},"53":{"start":{"line":229,"column":20},"end":{"line":229,"column":23}},"54":{"start":{"line":230,"column":38},"end":{"line":230,"column":null}},"55":{"start":{"line":232,"column":6},"end":{"line":259,"column":null}},"56":{"start":{"line":232,"column":21},"end":{"line":232,"column":24}},"57":{"start":{"line":233,"column":21},"end":{"line":233,"column":null}},"58":{"start":{"line":234,"column":8},"end":{"line":234,"column":null}},"59":{"start":{"line":236,"column":8},"end":{"line":258,"column":null}},"60":{"start":{"line":238,"column":28},"end":{"line":238,"column":null}},"61":{"start":{"line":239,"column":31},"end":{"line":239,"column":null}},"62":{"start":{"line":240,"column":31},"end":{"line":240,"column":null}},"63":{"start":{"line":241,"column":24},"end":{"line":241,"column":null}},"64":{"start":{"line":243,"column":41},"end":{"line":243,"column":null}},"65":{"start":{"line":244,"column":10},"end":{"line":251,"column":null}},"66":{"start":{"line":245,"column":12},"end":{"line":245,"column":null}},"67":{"start":{"line":245,"column":20},"end":{"line":251,"column":null}},"68":{"start":{"line":247,"column":12},"end":{"line":247,"column":null}},"69":{"start":{"line":247,"column":20},"end":{"line":251,"column":null}},"70":{"start":{"line":249,"column":12},"end":{"line":249,"column":null}},"71":{"start":{"line":249,"column":20},"end":{"line":251,"column":null}},"72":{"start":{"line":251,"column":12},"end":{"line":251,"column":null}},"73":{"start":{"line":253,"column":10},"end":{"line":257,"column":null}},"74":{"start":{"line":261,"column":6},"end":{"line":263,"column":null}},"75":{"start":{"line":262,"column":8},"end":{"line":262,"column":null}},"76":{"start":{"line":266,"column":4},"end":{"line":266,"column":null}},"77":{"start":{"line":271,"column":31},"end":{"line":275,"column":null}},"78":{"start":{"line":273,"column":15},"end":{"line":273,"column":null}},"79":{"start":{"line":274,"column":23},"end":{"line":274,"column":null}}},"fnMap":{"0":{"name":"getLanguageColor","decl":{"start":{"line":89,"column":9},"end":{"line":89,"column":26}},"loc":{"start":{"line":89,"column":52},"end":{"line":91,"column":null}},"line":89},"1":{"name":"(anonymous_1)","decl":{"start":{"line":95,"column":20},"end":{"line":95,"column":54}},"loc":{"start":{"line":95,"column":54},"end":{"line":128,"column":null}},"line":95},"2":{"name":"(anonymous_2)","decl":{"start":{"line":131,"column":28},"end":{"line":131,"column":35}},"loc":{"start":{"line":131,"column":72},"end":{"line":195,"column":null}},"line":131},"3":{"name":"(anonymous_3)","decl":{"start":{"line":133,"column":41},"end":{"line":133,"column":49}},"loc":{"start":{"line":133,"column":49},"end":{"line":133,"column":59}},"line":133},"4":{"name":"(anonymous_4)","decl":{"start":{"line":134,"column":46},"end":{"line":134,"column":54}},"loc":{"start":{"line":134,"column":54},"end":{"line":134,"column":63}},"line":134},"5":{"name":"(anonymous_5)","decl":{"start":{"line":137,"column":43},"end":{"line":137,"column":44}},"loc":{"start":{"line":137,"column":58},"end":{"line":137,"column":87}},"line":137},"6":{"name":"(anonymous_6)","decl":{"start":{"line":138,"column":43},"end":{"line":138,"column":44}},"loc":{"start":{"line":138,"column":58},"end":{"line":138,"column":82}},"line":138},"7":{"name":"(anonymous_7)","decl":{"start":{"line":142,"column":14},"end":{"line":142,"column":22}},"loc":{"start":{"line":142,"column":22},"end":{"line":142,"column":40}},"line":142},"8":{"name":"(anonymous_8)","decl":{"start":{"line":143,"column":11},"end":{"line":143,"column":null}},"loc":{"start":{"line":144,"column":8},"end":{"line":148,"column":null}},"line":144},"9":{"name":"(anonymous_9)","decl":{"start":{"line":145,"column":17},"end":{"line":145,"column":18}},"loc":{"start":{"line":145,"column":28},"end":{"line":148,"column":11}},"line":145},"10":{"name":"(anonymous_10)","decl":{"start":{"line":155,"column":28},"end":{"line":155,"column":29}},"loc":{"start":{"line":155,"column":43},"end":{"line":159,"column":5}},"line":155},"11":{"name":"(anonymous_11)","decl":{"start":{"line":156,"column":40},"end":{"line":156,"column":41}},"loc":{"start":{"line":156,"column":59},"end":{"line":158,"column":7}},"line":156},"12":{"name":"(anonymous_12)","decl":{"start":{"line":162,"column":59},"end":{"line":162,"column":60}},"loc":{"start":{"line":162,"column":75},"end":{"line":162,"column":88}},"line":162},"13":{"name":"(anonymous_13)","decl":{"start":{"line":164,"column":11},"end":{"line":164,"column":12}},"loc":{"start":{"line":164,"column":31},"end":{"line":169,"column":8}},"line":164},"14":{"name":"(anonymous_14)","decl":{"start":{"line":170,"column":12},"end":{"line":170,"column":13}},"loc":{"start":{"line":170,"column":22},"end":{"line":170,"column":49}},"line":170},"15":{"name":"(anonymous_15)","decl":{"start":{"line":175,"column":25},"end":{"line":175,"column":26}},"loc":{"start":{"line":175,"column":35},"end":{"line":179,"column":5}},"line":175},"16":{"name":"(anonymous_16)","decl":{"start":{"line":176,"column":27},"end":{"line":176,"column":28}},"loc":{"start":{"line":176,"column":38},"end":{"line":178,"column":7}},"line":176},"17":{"name":"(anonymous_17)","decl":{"start":{"line":182,"column":11},"end":{"line":182,"column":12}},"loc":{"start":{"line":182,"column":31},"end":{"line":182,"column":47}},"line":182},"18":{"name":"(anonymous_18)","decl":{"start":{"line":183,"column":12},"end":{"line":183,"column":13}},"loc":{"start":{"line":183,"column":22},"end":{"line":183,"column":39}},"line":183},"19":{"name":"(anonymous_19)","decl":{"start":{"line":198,"column":26},"end":{"line":198,"column":27}},"loc":{"start":{"line":198,"column":64},"end":{"line":220,"column":null}},"line":198},"20":{"name":"(anonymous_20)","decl":{"start":{"line":201,"column":25},"end":{"line":201,"column":26}},"loc":{"start":{"line":201,"column":35},"end":{"line":204,"column":5}},"line":201},"21":{"name":"(anonymous_21)","decl":{"start":{"line":207,"column":47},"end":{"line":207,"column":48}},"loc":{"start":{"line":207,"column":57},"end":{"line":212,"column":5}},"line":207},"22":{"name":"(anonymous_22)","decl":{"start":{"line":223,"column":32},"end":{"line":223,"column":58}},"loc":{"start":{"line":223,"column":58},"end":{"line":267,"column":null}},"line":223},"23":{"name":"(anonymous_23)","decl":{"start":{"line":273,"column":9},"end":{"line":273,"column":15}},"loc":{"start":{"line":273,"column":15},"end":{"line":273,"column":null}},"line":273},"24":{"name":"(anonymous_24)","decl":{"start":{"line":274,"column":17},"end":{"line":274,"column":23}},"loc":{"start":{"line":274,"column":23},"end":{"line":274,"column":null}},"line":274}},"branchMap":{"0":{"loc":{"start":{"line":90,"column":9},"end":{"line":90,"column":null}},"type":"binary-expr","locations":[{"start":{"line":90,"column":9},"end":{"line":90,"column":38}},{"start":{"line":90,"column":38},"end":{"line":90,"column":null}}],"line":90},"1":{"loc":{"start":{"line":157,"column":31},"end":{"line":157,"column":59}},"type":"binary-expr","locations":[{"start":{"line":157,"column":31},"end":{"line":157,"column":54}},{"start":{"line":157,"column":54},"end":{"line":157,"column":59}}],"line":157},"2":{"loc":{"start":{"line":167,"column":20},"end":{"line":167,"column":null}},"type":"cond-expr","locations":[{"start":{"line":167,"column":38},"end":{"line":167,"column":66}},{"start":{"line":167,"column":66},"end":{"line":167,"column":null}}],"line":167},"3":{"loc":{"start":{"line":177,"column":30},"end":{"line":177,"column":57}},"type":"binary-expr","locations":[{"start":{"line":177,"column":30},"end":{"line":177,"column":52}},{"start":{"line":177,"column":52},"end":{"line":177,"column":57}}],"line":177},"4":{"loc":{"start":{"line":236,"column":8},"end":{"line":258,"column":null}},"type":"if","locations":[{"start":{"line":236,"column":8},"end":{"line":258,"column":null}},{"start":{},"end":{}}],"line":236},"5":{"loc":{"start":{"line":239,"column":31},"end":{"line":239,"column":null}},"type":"cond-expr","locations":[{"start":{"line":239,"column":68},"end":{"line":239,"column":74}},{"start":{"line":239,"column":74},"end":{"line":239,"column":null}}],"line":239},"6":{"loc":{"start":{"line":239,"column":31},"end":{"line":239,"column":68}},"type":"binary-expr","locations":[{"start":{"line":239,"column":31},"end":{"line":239,"column":50}},{"start":{"line":239,"column":50},"end":{"line":239,"column":68}}],"line":239},"7":{"loc":{"start":{"line":244,"column":10},"end":{"line":251,"column":null}},"type":"if","locations":[{"start":{"line":244,"column":10},"end":{"line":251,"column":null}},{"start":{"line":245,"column":20},"end":{"line":251,"column":null}}],"line":244},"8":{"loc":{"start":{"line":245,"column":20},"end":{"line":251,"column":null}},"type":"if","locations":[{"start":{"line":245,"column":20},"end":{"line":251,"column":null}},{"start":{"line":247,"column":20},"end":{"line":251,"column":null}}],"line":245},"9":{"loc":{"start":{"line":247,"column":20},"end":{"line":251,"column":null}},"type":"if","locations":[{"start":{"line":247,"column":20},"end":{"line":251,"column":null}},{"start":{"line":249,"column":20},"end":{"line":251,"column":null}}],"line":247},"10":{"loc":{"start":{"line":249,"column":20},"end":{"line":251,"column":null}},"type":"if","locations":[{"start":{"line":249,"column":20},"end":{"line":251,"column":null}},{"start":{},"end":{}}],"line":249},"11":{"loc":{"start":{"line":261,"column":6},"end":{"line":263,"column":null}},"type":"if","locations":[{"start":{"line":261,"column":6},"end":{"line":263,"column":null}},{"start":{},"end":{}}],"line":261}},"s":{"0":1,"1":4,"2":1,"3":3,"4":1,"5":1,"6":1,"7":1,"8":5,"9":8,"10":5,"11":8,"12":5,"13":8,"14":5,"15":8,"16":5,"17":8,"18":6,"19":1,"20":1,"21":5,"22":5,"23":5,"24":6,"25":7,"26":5,"27":4,"28":5,"29":4,"30":2,"31":5,"32":5,"33":8,"34":8,"35":5,"36":8,"37":6,"38":5,"39":3,"40":3,"41":7,"42":7,"43":3,"44":7,"45":7,"46":7,"47":7,"48":3,"49":3,"50":3,"51":3,"52":3,"53":3,"54":156,"55":156,"56":156,"57":1092,"58":1092,"59":1092,"60":1092,"61":1092,"62":1092,"63":1092,"64":1092,"65":1092,"66":0,"67":1092,"68":173,"69":919,"70":239,"71":680,"72":390,"73":1092,"74":156,"75":156,"76":3,"77":1,"78":1,"79":1},"f":{"0":4,"1":3,"2":5,"3":8,"4":8,"5":8,"6":8,"7":8,"8":6,"9":1,"10":6,"11":7,"12":4,"13":4,"14":2,"15":8,"16":8,"17":8,"18":6,"19":3,"20":7,"21":7,"22":3,"23":1,"24":1},"b":{"0":[4,0],"1":[7,4],"2":[4,0],"3":[8,8],"4":[1092,0],"5":[312,780],"6":[1092,936],"7":[0,1092],"8":[173,919],"9":[239,680],"10":[390,290],"11":[156,0]},"meta":{"lastBranch":12,"lastFunction":25,"lastStatement":80,"seen":{"s:61:51:87:Infinity":0,"f:89:9:89:26":0,"s:90:2:90:Infinity":1,"b:90:9:90:38:90:38:90:Infinity":0,"s:93:30:268:Infinity":2,"f:95:20:95:54":1,"s:97:36:100:Infinity":3,"s:103:22:103:Infinity":4,"s:106:26:106:Infinity":5,"s:108:31:125:Infinity":6,"s:127:4:127:Infinity":7,"f:131:28:131:35":2,"s:133:21:133:Infinity":8,"f:133:41:133:49":3,"s:133:49:133:59":9,"s:134:26:134:Infinity":10,"f:134:46:134:54":4,"s:134:54:134:63":11,"s:137:23:137:Infinity":12,"f:137:43:137:44":5,"s:137:58:137:87":13,"s:138:23:138:Infinity":14,"f:138:43:138:44":6,"s:138:58:138:82":15,"s:141:29:149:Infinity":16,"f:142:14:142:22":7,"s:142:22:142:40":17,"f:143:11:143:Infinity":8,"s:144:8:148:Infinity":18,"f:145:17:145:18":9,"s:146:12:146:Infinity":19,"s:147:12:147:Infinity":20,"s:151:28:151:Infinity":21,"s:154:53:154:Infinity":22,"s:155:4:159:Infinity":23,"f:155:28:155:29":10,"s:156:6:158:Infinity":24,"f:156:40:156:41":11,"s:157:8:157:Infinity":25,"b:157:31:157:54:157:54:157:59":1,"s:162:23:162:Infinity":26,"f:162:59:162:60":12,"s:162:75:162:88":27,"s:163:39:171:Infinity":28,"f:164:11:164:12":13,"s:164:31:169:8":29,"b:167:38:167:66:167:66:167:Infinity":2,"f:170:12:170:13":14,"s:170:22:170:49":30,"s:174:51:174:Infinity":31,"s:175:4:179:Infinity":32,"f:175:25:175:26":15,"s:176:6:178:Infinity":33,"f:176:27:176:28":16,"s:177:8:177:Infinity":34,"b:177:30:177:52:177:52:177:57":3,"s:181:33:184:Infinity":35,"f:182:11:182:12":17,"s:182:31:182:47":36,"f:183:12:183:13":18,"s:183:22:183:39":37,"s:186:4:194:Infinity":38,"f:198:26:198:27":19,"s:200:18:200:Infinity":39,"s:201:4:204:Infinity":40,"f:201:25:201:26":20,"s:202:6:202:Infinity":41,"s:203:6:203:Infinity":42,"s:207:27:212:Infinity":43,"f:207:47:207:48":21,"s:208:25:208:Infinity":44,"s:209:27:209:Infinity":45,"s:210:6:210:Infinity":46,"s:211:6:211:Infinity":47,"s:214:4:219:Infinity":48,"f:223:32:223:58":22,"s:224:38:224:Infinity":49,"s:225:18:225:Infinity":50,"s:226:22:226:Infinity":51,"s:229:4:264:Infinity":52,"s:229:20:229:23":53,"s:230:38:230:Infinity":54,"s:232:6:259:Infinity":55,"s:232:21:232:24":56,"s:233:21:233:Infinity":57,"s:234:8:234:Infinity":58,"b:236:8:258:Infinity:undefined:undefined:undefined:undefined":4,"s:236:8:258:Infinity":59,"s:238:28:238:Infinity":60,"s:239:31:239:Infinity":61,"b:239:68:239:74:239:74:239:Infinity":5,"b:239:31:239:50:239:50:239:68":6,"s:240:31:240:Infinity":62,"s:241:24:241:Infinity":63,"s:243:41:243:Infinity":64,"b:244:10:251:Infinity:245:20:251:Infinity":7,"s:244:10:251:Infinity":65,"s:245:12:245:Infinity":66,"b:245:20:251:Infinity:247:20:251:Infinity":8,"s:245:20:251:Infinity":67,"s:247:12:247:Infinity":68,"b:247:20:251:Infinity:249:20:251:Infinity":9,"s:247:20:251:Infinity":69,"s:249:12:249:Infinity":70,"b:249:20:251:Infinity:undefined:undefined:undefined:undefined":10,"s:249:20:251:Infinity":71,"s:251:12:251:Infinity":72,"s:253:10:257:Infinity":73,"b:261:6:263:Infinity:undefined:undefined:undefined:undefined":11,"s:261:6:263:Infinity":74,"s:262:8:262:Infinity":75,"s:266:4:266:Infinity":76,"s:271:31:275:Infinity":77,"f:273:9:273:15":23,"s:273:15:273:Infinity":78,"f:274:17:274:23":24,"s:274:23:274:Infinity":79}}}
,"/Users/timothydehof/Dev/Personal/portfolios/myPortfolio/src/services/api/github.ts": {"path":"/Users/timothydehof/Dev/Personal/portfolios/myPortfolio/src/services/api/github.ts","statementMap":{"0":{"start":{"line":51,"column":24},"end":{"line":51,"column":null}},"1":{"start":{"line":53,"column":24},"end":{"line":53,"column":null}},"2":{"start":{"line":56,"column":23},"end":{"line":62,"column":null}},"3":{"start":{"line":72,"column":4},"end":{"line":72,"column":null}},"4":{"start":{"line":67,"column":11},"end":{"line":67,"column":null}},"5":{"start":{"line":68,"column":11},"end":{"line":68,"column":null}},"6":{"start":{"line":69,"column":11},"end":{"line":69,"column":null}},"7":{"start":{"line":73,"column":4},"end":{"line":73,"column":null}},"8":{"start":{"line":79,"column":2},"end":{"line":79,"column":null}},"9":{"start":{"line":81,"column":2},"end":{"line":138,"column":null}},"10":{"start":{"line":83,"column":21},"end":{"line":83,"column":null}},"11":{"start":{"line":85,"column":4},"end":{"line":85,"column":null}},"12":{"start":{"line":87,"column":4},"end":{"line":116,"column":null}},"13":{"start":{"line":88,"column":24},"end":{"line":88,"column":null}},"14":{"start":{"line":89,"column":6},"end":{"line":89,"column":null}},"15":{"start":{"line":91,"column":25},"end":{"line":91,"column":null}},"16":{"start":{"line":94,"column":6},"end":{"line":113,"column":null}},"17":{"start":{"line":95,"column":8},"end":{"line":101,"column":null}},"18":{"start":{"line":96,"column":10},"end":{"line":96,"column":null}},"19":{"start":{"line":97,"column":8},"end":{"line":101,"column":null}},"20":{"start":{"line":98,"column":10},"end":{"line":98,"column":null}},"21":{"start":{"line":100,"column":10},"end":{"line":100,"column":null}},"22":{"start":{"line":105,"column":8},"end":{"line":112,"column":null}},"23":{"start":{"line":106,"column":28},"end":{"line":106,"column":null}},"24":{"start":{"line":107,"column":10},"end":{"line":107,"column":null}},"25":{"start":{"line":111,"column":10},"end":{"line":111,"column":null}},"26":{"start":{"line":115,"column":6},"end":{"line":115,"column":null}},"27":{"start":{"line":119,"column":24},"end":{"line":119,"column":null}},"28":{"start":{"line":120,"column":4},"end":{"line":124,"column":null}},"29":{"start":{"line":121,"column":23},"end":{"line":121,"column":null}},"30":{"start":{"line":122,"column":6},"end":{"line":122,"column":null}},"31":{"start":{"line":123,"column":6},"end":{"line":123,"column":null}},"32":{"start":{"line":126,"column":17},"end":{"line":126,"column":null}},"33":{"start":{"line":127,"column":4},"end":{"line":127,"column":null}},"34":{"start":{"line":128,"column":4},"end":{"line":128,"column":null}},"35":{"start":{"line":131,"column":4},"end":{"line":133,"column":null}},"36":{"start":{"line":132,"column":6},"end":{"line":132,"column":null}},"37":{"start":{"line":135,"column":4},"end":{"line":135,"column":null}},"38":{"start":{"line":136,"column":4},"end":{"line":137,"column":null}},"39":{"start":{"line":142,"column":25},"end":{"line":257,"column":null}},"40":{"start":{"line":145,"column":4},"end":{"line":145,"column":null}},"41":{"start":{"line":150,"column":16},"end":{"line":150,"column":null}},"42":{"start":{"line":151,"column":25},"end":{"line":151,"column":null}},"43":{"start":{"line":153,"column":4},"end":{"line":153,"column":null}},"44":{"start":{"line":156,"column":24},"end":{"line":168,"column":null}},"45":{"start":{"line":157,"column":23},"end":{"line":157,"column":null}},"46":{"start":{"line":158,"column":28},"end":{"line":158,"column":null}},"47":{"start":{"line":159,"column":28},"end":{"line":159,"column":null}},"48":{"start":{"line":160,"column":22},"end":{"line":160,"column":null}},"49":{"start":{"line":162,"column":6},"end":{"line":162,"column":null}},"50":{"start":{"line":162,"column":21},"end":{"line":162,"column":null}},"51":{"start":{"line":163,"column":6},"end":{"line":163,"column":null}},"52":{"start":{"line":163,"column":26},"end":{"line":163,"column":null}},"53":{"start":{"line":164,"column":6},"end":{"line":164,"column":null}},"54":{"start":{"line":164,"column":26},"end":{"line":164,"column":null}},"55":{"start":{"line":165,"column":6},"end":{"line":165,"column":null}},"56":{"start":{"line":165,"column":20},"end":{"line":165,"column":null}},"57":{"start":{"line":167,"column":6},"end":{"line":167,"column":null}},"58":{"start":{"line":171,"column":24},"end":{"line":174,"column":null}},"59":{"start":{"line":171,"column":49},"end":{"line":174,"column":6}},"60":{"start":{"line":177,"column":4},"end":{"line":191,"column":null}},"61":{"start":{"line":178,"column":31},"end":{"line":178,"column":null}},"62":{"start":{"line":179,"column":24},"end":{"line":179,"column":null}},"63":{"start":{"line":180,"column":24},"end":{"line":180,"column":null}},"64":{"start":{"line":182,"column":6},"end":{"line":182,"column":null}},"65":{"start":{"line":182,"column":35},"end":{"line":182,"column":null}},"66":{"start":{"line":185,"column":26},"end":{"line":185,"column":null}},"67":{"start":{"line":186,"column":26},"end":{"line":186,"column":null}},"68":{"start":{"line":188,"column":6},"end":{"line":188,"column":null}},"69":{"start":{"line":188,"column":39},"end":{"line":188,"column":null}},"70":{"start":{"line":190,"column":6},"end":{"line":190,"column":null}},"71":{"start":{"line":197,"column":28},"end":{"line":197,"column":null}},"72":{"start":{"line":198,"column":30},"end":{"line":198,"column":null}},"73":{"start":{"line":198,"column":57},"end":{"line":198,"column":102}},"74":{"start":{"line":201,"column":31},"end":{"line":208,"column":null}},"75":{"start":{"line":210,"column":26},"end":{"line":210,"column":null}},"76":{"start":{"line":212,"column":4},"end":{"line":215,"column":null}},"77":{"start":{"line":213,"column":6},"end":{"line":213,"column":null}},"78":{"start":{"line":214,"column":6},"end":{"line":214,"column":null}},"79":{"start":{"line":218,"column":4},"end":{"line":221,"column":null}},"80":{"start":{"line":219,"column":6},"end":{"line":219,"column":null}},"81":{"start":{"line":220,"column":6},"end":{"line":220,"column":null}},"82":{"start":{"line":224,"column":35},"end":{"line":228,"column":null}},"83":{"start":{"line":230,"column":4},"end":{"line":233,"column":null}},"84":{"start":{"line":231,"column":6},"end":{"line":231,"column":null}},"85":{"start":{"line":232,"column":6},"end":{"line":232,"column":null}},"86":{"start":{"line":236,"column":4},"end":{"line":236,"column":null}},"87":{"start":{"line":237,"column":4},"end":{"line":237,"column":null}},"88":{"start":{"line":242,"column":4},"end":{"line":250,"column":null}},"89":{"start":{"line":244,"column":25},"end":{"line":244,"column":null}},"90":{"start":{"line":245,"column":6},"end":{"line":245,"column":null}},"91":{"start":{"line":248,"column":6},"end":{"line":248,"column":null}},"92":{"start":{"line":249,"column":6},"end":{"line":249,"column":null}},"93":{"start":{"line":255,"column":4},"end":{"line":255,"column":null}},"94":{"start":{"line":260,"column":26},"end":{"line":266,"column":null}},"95":{"start":{"line":262,"column":14},"end":{"line":262,"column":null}},"96":{"start":{"line":263,"column":22},"end":{"line":263,"column":null}},"97":{"start":{"line":264,"column":35},"end":{"line":264,"column":null}},"98":{"start":{"line":265,"column":19},"end":{"line":265,"column":null}},"99":{"start":{"line":269,"column":27},"end":{"line":292,"column":null}},"100":{"start":{"line":272,"column":4},"end":{"line":272,"column":null}},"101":{"start":{"line":277,"column":4},"end":{"line":277,"column":null}},"102":{"start":{"line":282,"column":4},"end":{"line":285,"column":null}},"103":{"start":{"line":290,"column":4},"end":{"line":290,"column":null}},"104":{"start":{"line":296,"column":26},"end":{"line":298,"column":null}},"105":{"start":{"line":297,"column":28},"end":{"line":297,"column":33}},"106":{"start":{"line":298,"column":25},"end":{"line":298,"column":33}},"107":{"start":{"line":300,"column":2},"end":{"line":300,"column":null}},"108":{"start":{"line":304,"column":15},"end":{"line":304,"column":null}},"109":{"start":{"line":305,"column":2},"end":{"line":309,"column":null}},"110":{"start":{"line":313,"column":46},"end":{"line":320,"column":null}},"111":{"start":{"line":322,"column":2},"end":{"line":322,"column":null}}},"fnMap":{"0":{"name":"(anonymous_0)","decl":{"start":{"line":66,"column":2},"end":{"line":66,"column":null}},"loc":{"start":{"line":71,"column":4},"end":{"line":74,"column":null}},"line":71},"1":{"name":"githubFetch","decl":{"start":{"line":78,"column":15},"end":{"line":78,"column":30}},"loc":{"start":{"line":78,"column":55},"end":{"line":139,"column":null}},"line":78},"2":{"name":"(anonymous_2)","decl":{"start":{"line":144,"column":13},"end":{"line":144,"column":46}},"loc":{"start":{"line":144,"column":46},"end":{"line":146,"column":null}},"line":144},"3":{"name":"(anonymous_3)","decl":{"start":{"line":149,"column":21},"end":{"line":149,"column":62}},"loc":{"start":{"line":149,"column":62},"end":{"line":192,"column":null}},"line":149},"4":{"name":"(anonymous_4)","decl":{"start":{"line":156,"column":44},"end":{"line":156,"column":45}},"loc":{"start":{"line":156,"column":54},"end":{"line":168,"column":5}},"line":156},"5":{"name":"(anonymous_5)","decl":{"start":{"line":171,"column":40},"end":{"line":171,"column":49}},"loc":{"start":{"line":171,"column":49},"end":{"line":174,"column":6}},"line":171},"6":{"name":"(anonymous_6)","decl":{"start":{"line":177,"column":28},"end":{"line":177,"column":29}},"loc":{"start":{"line":177,"column":38},"end":{"line":191,"column":5}},"line":177},"7":{"name":"(anonymous_7)","decl":{"start":{"line":195,"column":24},"end":{"line":195,"column":25}},"loc":{"start":{"line":195,"column":103},"end":{"line":238,"column":null}},"line":195},"8":{"name":"(anonymous_8)","decl":{"start":{"line":198,"column":48},"end":{"line":198,"column":57}},"loc":{"start":{"line":198,"column":57},"end":{"line":198,"column":102}},"line":198},"9":{"name":"(anonymous_9)","decl":{"start":{"line":241,"column":28},"end":{"line":241,"column":35}},"loc":{"start":{"line":241,"column":86},"end":{"line":251,"column":null}},"line":241},"10":{"name":"(anonymous_10)","decl":{"start":{"line":254,"column":18},"end":{"line":254,"column":30}},"loc":{"start":{"line":254,"column":30},"end":{"line":256,"column":null}},"line":254},"11":{"name":"(anonymous_11)","decl":{"start":{"line":262,"column":8},"end":{"line":262,"column":14}},"loc":{"start":{"line":262,"column":14},"end":{"line":262,"column":null}},"line":262},"12":{"name":"(anonymous_12)","decl":{"start":{"line":263,"column":16},"end":{"line":263,"column":22}},"loc":{"start":{"line":263,"column":22},"end":{"line":263,"column":null}},"line":263},"13":{"name":"(anonymous_13)","decl":{"start":{"line":264,"column":13},"end":{"line":264,"column":14}},"loc":{"start":{"line":264,"column":35},"end":{"line":264,"column":null}},"line":264},"14":{"name":"(anonymous_14)","decl":{"start":{"line":265,"column":13},"end":{"line":265,"column":19}},"loc":{"start":{"line":265,"column":19},"end":{"line":265,"column":null}},"line":265},"15":{"name":"(anonymous_15)","decl":{"start":{"line":271,"column":17},"end":{"line":271,"column":23}},"loc":{"start":{"line":271,"column":23},"end":{"line":273,"column":null}},"line":271},"16":{"name":"(anonymous_16)","decl":{"start":{"line":276,"column":26},"end":{"line":276,"column":32}},"loc":{"start":{"line":276,"column":32},"end":{"line":278,"column":null}},"line":276},"17":{"name":"(anonymous_17)","decl":{"start":{"line":281,"column":24},"end":{"line":281,"column":30}},"loc":{"start":{"line":281,"column":30},"end":{"line":286,"column":null}},"line":281},"18":{"name":"(anonymous_18)","decl":{"start":{"line":289,"column":25},"end":{"line":289,"column":63}},"loc":{"start":{"line":289,"column":63},"end":{"line":291,"column":null}},"line":289},"19":{"name":"getTopLanguages","decl":{"start":{"line":295,"column":16},"end":{"line":295,"column":32}},"loc":{"start":{"line":295,"column":70},"end":{"line":301,"column":null}},"line":295},"20":{"name":"(anonymous_20)","decl":{"start":{"line":297,"column":10},"end":{"line":297,"column":11}},"loc":{"start":{"line":297,"column":28},"end":{"line":297,"column":33}},"line":297},"21":{"name":"(anonymous_21)","decl":{"start":{"line":298,"column":9},"end":{"line":298,"column":10}},"loc":{"start":{"line":298,"column":25},"end":{"line":298,"column":33}},"line":298},"22":{"name":"formatDate","decl":{"start":{"line":303,"column":16},"end":{"line":303,"column":27}},"loc":{"start":{"line":303,"column":55},"end":{"line":310,"column":null}},"line":303},"23":{"name":"getRepositoryImage","decl":{"start":{"line":312,"column":16},"end":{"line":312,"column":35}},"loc":{"start":{"line":312,"column":61},"end":{"line":323,"column":null}},"line":312}},"branchMap":{"0":{"loc":{"start":{"line":72,"column":10},"end":{"line":72,"column":64}},"type":"binary-expr","locations":[{"start":{"line":72,"column":10},"end":{"line":72,"column":21}},{"start":{"line":72,"column":21},"end":{"line":72,"column":64}}],"line":72},"1":{"loc":{"start":{"line":87,"column":4},"end":{"line":116,"column":null}},"type":"if","locations":[{"start":{"line":87,"column":4},"end":{"line":116,"column":null}},{"start":{},"end":{}}],"line":87},"2":{"loc":{"start":{"line":94,"column":6},"end":{"line":113,"column":null}},"type":"if","locations":[{"start":{"line":94,"column":6},"end":{"line":113,"column":null}},{"start":{"line":104,"column":11},"end":{"line":113,"column":null}}],"line":94},"3":{"loc":{"start":{"line":95,"column":8},"end":{"line":101,"column":null}},"type":"if","locations":[{"start":{"line":95,"column":8},"end":{"line":101,"column":null}},{"start":{"line":97,"column":8},"end":{"line":101,"column":null}}],"line":95},"4":{"loc":{"start":{"line":97,"column":8},"end":{"line":101,"column":null}},"type":"if","locations":[{"start":{"line":97,"column":8},"end":{"line":101,"column":null}},{"start":{"line":99,"column":15},"end":{"line":101,"column":null}}],"line":97},"5":{"loc":{"start":{"line":97,"column":19},"end":{"line":97,"column":88}},"type":"binary-expr","locations":[{"start":{"line":97,"column":19},"end":{"line":97,"column":59}},{"start":{"line":97,"column":59},"end":{"line":97,"column":88}}],"line":97},"6":{"loc":{"start":{"line":107,"column":25},"end":{"line":107,"column":null}},"type":"binary-expr","locations":[{"start":{"line":107,"column":25},"end":{"line":107,"column":46}},{"start":{"line":107,"column":46},"end":{"line":107,"column":null}}],"line":107},"7":{"loc":{"start":{"line":111,"column":25},"end":{"line":111,"column":null}},"type":"binary-expr","locations":[{"start":{"line":111,"column":25},"end":{"line":111,"column":38}},{"start":{"line":111,"column":38},"end":{"line":111,"column":null}}],"line":111},"8":{"loc":{"start":{"line":119,"column":24},"end":{"line":119,"column":null}},"type":"binary-expr","locations":[{"start":{"line":119,"column":24},"end":{"line":119,"column":64}},{"start":{"line":119,"column":64},"end":{"line":119,"column":null}}],"line":119},"9":{"loc":{"start":{"line":120,"column":4},"end":{"line":124,"column":null}},"type":"if","locations":[{"start":{"line":120,"column":4},"end":{"line":124,"column":null}},{"start":{},"end":{}}],"line":120},"10":{"loc":{"start":{"line":131,"column":4},"end":{"line":133,"column":null}},"type":"if","locations":[{"start":{"line":131,"column":4},"end":{"line":133,"column":null}},{"start":{},"end":{}}],"line":131},"11":{"loc":{"start":{"line":136,"column":54},"end":{"line":136,"column":null}},"type":"cond-expr","locations":[{"start":{"line":136,"column":79},"end":{"line":136,"column":95}},{"start":{"line":136,"column":95},"end":{"line":136,"column":null}}],"line":136},"12":{"loc":{"start":{"line":160,"column":22},"end":{"line":160,"column":null}},"type":"binary-expr","locations":[{"start":{"line":160,"column":22},"end":{"line":160,"column":39}},{"start":{"line":160,"column":39},"end":{"line":160,"column":null}}],"line":160},"13":{"loc":{"start":{"line":162,"column":6},"end":{"line":162,"column":null}},"type":"if","locations":[{"start":{"line":162,"column":6},"end":{"line":162,"column":null}},{"start":{},"end":{}}],"line":162},"14":{"loc":{"start":{"line":163,"column":6},"end":{"line":163,"column":null}},"type":"if","locations":[{"start":{"line":163,"column":6},"end":{"line":163,"column":null}},{"start":{},"end":{}}],"line":163},"15":{"loc":{"start":{"line":164,"column":6},"end":{"line":164,"column":null}},"type":"if","locations":[{"start":{"line":164,"column":6},"end":{"line":164,"column":null}},{"start":{},"end":{}}],"line":164},"16":{"loc":{"start":{"line":165,"column":6},"end":{"line":165,"column":null}},"type":"if","locations":[{"start":{"line":165,"column":6},"end":{"line":165,"column":null}},{"start":{},"end":{}}],"line":165},"17":{"loc":{"start":{"line":167,"column":13},"end":{"line":167,"column":null}},"type":"binary-expr","locations":[{"start":{"line":167,"column":13},"end":{"line":167,"column":25}},{"start":{"line":167,"column":25},"end":{"line":167,"column":42}},{"start":{"line":167,"column":42},"end":{"line":167,"column":59}},{"start":{"line":167,"column":59},"end":{"line":167,"column":null}}],"line":167},"18":{"loc":{"start":{"line":182,"column":6},"end":{"line":182,"column":null}},"type":"if","locations":[{"start":{"line":182,"column":6},"end":{"line":182,"column":null}},{"start":{},"end":{}}],"line":182},"19":{"loc":{"start":{"line":188,"column":6},"end":{"line":188,"column":null}},"type":"if","locations":[{"start":{"line":188,"column":6},"end":{"line":188,"column":null}},{"start":{},"end":{}}],"line":188},"20":{"loc":{"start":{"line":204,"column":6},"end":{"line":204,"column":null}},"type":"binary-expr","locations":[{"start":{"line":204,"column":6},"end":{"line":204,"column":26}},{"start":{"line":204,"column":26},"end":{"line":204,"column":null}}],"line":204},"21":{"loc":{"start":{"line":206,"column":6},"end":{"line":206,"column":null}},"type":"binary-expr","locations":[{"start":{"line":206,"column":6},"end":{"line":206,"column":21}},{"start":{"line":206,"column":21},"end":{"line":206,"column":null}}],"line":206},"22":{"loc":{"start":{"line":212,"column":4},"end":{"line":215,"column":null}},"type":"if","locations":[{"start":{"line":212,"column":4},"end":{"line":215,"column":null}},{"start":{},"end":{}}],"line":212},"23":{"loc":{"start":{"line":212,"column":8},"end":{"line":212,"column":65}},"type":"binary-expr","locations":[{"start":{"line":212,"column":8},"end":{"line":212,"column":23}},{"start":{"line":212,"column":23},"end":{"line":212,"column":44}},{"start":{"line":212,"column":44},"end":{"line":212,"column":65}}],"line":212},"24":{"loc":{"start":{"line":218,"column":4},"end":{"line":221,"column":null}},"type":"if","locations":[{"start":{"line":218,"column":4},"end":{"line":221,"column":null}},{"start":{},"end":{}}],"line":218},"25":{"loc":{"start":{"line":227,"column":6},"end":{"line":227,"column":null}},"type":"binary-expr","locations":[{"start":{"line":227,"column":6},"end":{"line":227,"column":26}},{"start":{"line":227,"column":26},"end":{"line":227,"column":null}}],"line":227},"26":{"loc":{"start":{"line":230,"column":4},"end":{"line":233,"column":null}},"type":"if","locations":[{"start":{"line":230,"column":4},"end":{"line":233,"column":null}},{"start":{},"end":{}}],"line":230},"27":{"loc":{"start":{"line":322,"column":9},"end":{"line":322,"column":null}},"type":"binary-expr","locations":[{"start":{"line":322,"column":9},"end":{"line":322,"column":31}},{"start":{"line":322,"column":31},"end":{"line":322,"column":null}}],"line":322}},"s":{"0":2,"1":2,"2":2,"3":9,"4":9,"5":9,"6":9,"7":9,"8":15,"9":15,"10":15,"11":15,"12":15,"13":7,"14":7,"15":7,"16":7,"17":0,"18":0,"19":0,"20":0,"21":0,"22":7,"23":7,"24":7,"25":0,"26":7,"27":8,"28":15,"29":0,"30":0,"31":0,"32":8,"33":8,"34":8,"35":7,"36":7,"37":0,"38":0,"39":2,"40":3,"41":7,"42":7,"43":5,"44":5,"45":30,"46":30,"47":30,"48":30,"49":30,"50":4,"51":30,"52":2,"53":30,"54":2,"55":30,"56":6,"57":30,"58":5,"59":18,"60":5,"61":22,"62":22,"63":22,"64":22,"65":12,"66":10,"67":10,"68":10,"69":10,"70":0,"71":23,"72":23,"73":16,"74":23,"75":23,"76":23,"77":14,"78":14,"79":9,"80":3,"81":3,"82":6,"83":23,"84":3,"85":3,"86":3,"87":3,"88":2,"89":2,"90":2,"91":1,"92":1,"93":3,"94":2,"95":1,"96":4,"97":1,"98":1,"99":2,"100":1,"101":1,"102":1,"103":1,"104":3,"105":7,"106":6,"107":3,"108":2,"109":2,"110":4,"111":4},"f":{"0":9,"1":15,"2":3,"3":7,"4":30,"5":18,"6":22,"7":23,"8":16,"9":2,"10":3,"11":1,"12":4,"13":1,"14":1,"15":1,"16":1,"17":1,"18":1,"19":3,"20":7,"21":6,"22":2,"23":4},"b":{"0":[9,1],"1":[7,8],"2":[0,7],"3":[0,0],"4":[0,0],"5":[0,0],"6":[7,0],"7":[0,0],"8":[8,2],"9":[0,15],"10":[7,0],"11":[0,0],"12":[30,24],"13":[4,26],"14":[2,28],"15":[2,28],"16":[6,24],"17":[30,26,24,22],"18":[12,10],"19":[10,0],"20":[23,23],"21":[23,23],"22":[14,9],"23":[23,17,10],"24":[3,6],"25":[6,6],"26":[3,20],"27":[4,2]},"meta":{"lastBranch":28,"lastFunction":24,"lastStatement":112,"seen":{"s:51:24:51:Infinity":0,"s:53:24:53:Infinity":1,"s:56:23:62:Infinity":2,"f:66:2:66:Infinity":0,"s:72:4:72:Infinity":3,"b:72:10:72:21:72:21:72:64":0,"s:67:11:67:Infinity":4,"s:68:11:68:Infinity":5,"s:69:11:69:Infinity":6,"s:73:4:73:Infinity":7,"f:78:15:78:30":1,"s:79:2:79:Infinity":8,"s:81:2:138:Infinity":9,"s:83:21:83:Infinity":10,"s:85:4:85:Infinity":11,"b:87:4:116:Infinity:undefined:undefined:undefined:undefined":1,"s:87:4:116:Infinity":12,"s:88:24:88:Infinity":13,"s:89:6:89:Infinity":14,"s:91:25:91:Infinity":15,"b:94:6:113:Infinity:104:11:113:Infinity":2,"s:94:6:113:Infinity":16,"b:95:8:101:Infinity:97:8:101:Infinity":3,"s:95:8:101:Infinity":17,"s:96:10:96:Infinity":18,"b:97:8:101:Infinity:99:15:101:Infinity":4,"s:97:8:101:Infinity":19,"b:97:19:97:59:97:59:97:88":5,"s:98:10:98:Infinity":20,"s:100:10:100:Infinity":21,"s:105:8:112:Infinity":22,"s:106:28:106:Infinity":23,"s:107:10:107:Infinity":24,"b:107:25:107:46:107:46:107:Infinity":6,"s:111:10:111:Infinity":25,"b:111:25:111:38:111:38:111:Infinity":7,"s:115:6:115:Infinity":26,"s:119:24:119:Infinity":27,"b:119:24:119:64:119:64:119:Infinity":8,"b:120:4:124:Infinity:undefined:undefined:undefined:undefined":9,"s:120:4:124:Infinity":28,"s:121:23:121:Infinity":29,"s:122:6:122:Infinity":30,"s:123:6:123:Infinity":31,"s:126:17:126:Infinity":32,"s:127:4:127:Infinity":33,"s:128:4:128:Infinity":34,"b:131:4:133:Infinity:undefined:undefined:undefined:undefined":10,"s:131:4:133:Infinity":35,"s:132:6:132:Infinity":36,"s:135:4:135:Infinity":37,"s:136:4:137:Infinity":38,"b:136:79:136:95:136:95:136:Infinity":11,"s:142:25:257:Infinity":39,"f:144:13:144:46":2,"s:145:4:145:Infinity":40,"f:149:21:149:62":3,"s:150:16:150:Infinity":41,"s:151:25:151:Infinity":42,"s:153:4:153:Infinity":43,"s:156:24:168:Infinity":44,"f:156:44:156:45":4,"s:157:23:157:Infinity":45,"s:158:28:158:Infinity":46,"s:159:28:159:Infinity":47,"s:160:22:160:Infinity":48,"b:160:22:160:39:160:39:160:Infinity":12,"b:162:6:162:Infinity:undefined:undefined:undefined:undefined":13,"s:162:6:162:Infinity":49,"s:162:21:162:Infinity":50,"b:163:6:163:Infinity:undefined:undefined:undefined:undefined":14,"s:163:6:163:Infinity":51,"s:163:26:163:Infinity":52,"b:164:6:164:Infinity:undefined:undefined:undefined:undefined":15,"s:164:6:164:Infinity":53,"s:164:26:164:Infinity":54,"b:165:6:165:Infinity:undefined:undefined:undefined:undefined":16,"s:165:6:165:Infinity":55,"s:165:20:165:Infinity":56,"s:167:6:167:Infinity":57,"b:167:13:167:25:167:25:167:42:167:42:167:59:167:59:167:Infinity":17,"s:171:24:174:Infinity":58,"f:171:40:171:49":5,"s:171:49:174:6":59,"s:177:4:191:Infinity":60,"f:177:28:177:29":6,"s:178:31:178:Infinity":61,"s:179:24:179:Infinity":62,"s:180:24:180:Infinity":63,"b:182:6:182:Infinity:undefined:undefined:undefined:undefined":18,"s:182:6:182:Infinity":64,"s:182:35:182:Infinity":65,"s:185:26:185:Infinity":66,"s:186:26:186:Infinity":67,"b:188:6:188:Infinity:undefined:undefined:undefined:undefined":19,"s:188:6:188:Infinity":68,"s:188:39:188:Infinity":69,"s:190:6:190:Infinity":70,"f:195:24:195:25":7,"s:197:28:197:Infinity":71,"s:198:30:198:Infinity":72,"f:198:48:198:57":8,"s:198:57:198:102":73,"s:201:31:208:Infinity":74,"b:204:6:204:26:204:26:204:Infinity":20,"b:206:6:206:21:206:21:206:Infinity":21,"s:210:26:210:Infinity":75,"b:212:4:215:Infinity:undefined:undefined:undefined:undefined":22,"s:212:4:215:Infinity":76,"b:212:8:212:23:212:23:212:44:212:44:212:65":23,"s:213:6:213:Infinity":77,"s:214:6:214:Infinity":78,"b:218:4:221:Infinity:undefined:undefined:undefined:undefined":24,"s:218:4:221:Infinity":79,"s:219:6:219:Infinity":80,"s:220:6:220:Infinity":81,"s:224:35:228:Infinity":82,"b:227:6:227:26:227:26:227:Infinity":25,"b:230:4:233:Infinity:undefined:undefined:undefined:undefined":26,"s:230:4:233:Infinity":83,"s:231:6:231:Infinity":84,"s:232:6:232:Infinity":85,"s:236:4:236:Infinity":86,"s:237:4:237:Infinity":87,"f:241:28:241:35":9,"s:242:4:250:Infinity":88,"s:244:25:244:Infinity":89,"s:245:6:245:Infinity":90,"s:248:6:248:Infinity":91,"s:249:6:249:Infinity":92,"f:254:18:254:30":10,"s:255:4:255:Infinity":93,"s:260:26:266:Infinity":94,"f:262:8:262:14":11,"s:262:14:262:Infinity":95,"f:263:16:263:22":12,"s:263:22:263:Infinity":96,"f:264:13:264:14":13,"s:264:35:264:Infinity":97,"f:265:13:265:19":14,"s:265:19:265:Infinity":98,"s:269:27:292:Infinity":99,"f:271:17:271:23":15,"s:272:4:272:Infinity":100,"f:276:26:276:32":16,"s:277:4:277:Infinity":101,"f:281:24:281:30":17,"s:282:4:285:Infinity":102,"f:289:25:289:63":18,"s:290:4:290:Infinity":103,"f:295:16:295:32":19,"s:296:26:298:Infinity":104,"f:297:10:297:11":20,"s:297:28:297:33":105,"f:298:9:298:10":21,"s:298:25:298:33":106,"s:300:2:300:Infinity":107,"f:303:16:303:27":22,"s:304:15:304:Infinity":108,"s:305:2:309:Infinity":109,"f:312:16:312:35":23,"s:313:46:320:Infinity":110,"s:322:2:322:Infinity":111,"b:322:9:322:31:322:31:322:Infinity":27}}}
}
